<?xml version="1.0" encoding="UTF-8"?>
<testsuite xmlns:xsi="http://www.w3.org/2001/XMLSchema-instance" xsi:noNamespaceSchemaLocation="https://maven.apache.org/surefire/maven-surefire-plugin/xsd/surefire-test-report-3.0.xsd" version="3.0" name="hellocucumber.RunCucumberTest" time="0.09" tests="3" errors="0" skipped="0" failures="0">
  <properties>
[...]
</properties>
  <testcase name="The example" classname="An example" time="0.029">
    <system-out><![CDATA[
Scenario: The example                       &amp#27;[90m# hellocucumber/example.feature:3&amp#27;[0m
  &amp#27;[32mGiven &amp#27;[0m&amp#27;[32man example scenario&amp#27;[0m                 &amp#27;[90m# hellocucumber.StepDefinitions.anExampleScenario()&amp#27;[0m
  &amp#27;[32mWhen &amp#27;[0m&amp#27;[32mall step definitions are implemented&amp#27;[0m &amp#27;[90m# hellocucumber.StepDefinitions.allStepDefinitionsAreImplemented()&amp#27;[0m
  &amp#27;[32mThen &amp#27;[0m&amp#27;[32mthe scenario passes&amp#27;[0m                  &amp#27;[90m# hellocucumber.StepDefinitions.theScenarioPasses()&amp#27;[0m
]]></system-out>
  </testcase>
  <testcase name="Sunday isn&apos;t Friday" classname="Is it Friday yet?" time="0.005">
    <system-out><![CDATA[
Scenario: Sunday isn't Friday        &amp#27;[90m# hellocucumber/isItFriday.feature:4&amp#27;[0m
  &amp#27;[32mGiven &amp#27;[0m&amp#27;[32mtoday is &amp#27;[0m&amp#27;[32m&amp#27;[1m"Sunday"&amp#27;[0m            &amp#27;[90m# hellocucumber.Friday.todayIsSunday(java.lang.String)&amp#27;[0m
  &amp#27;[32mWhen &amp#27;[0m&amp#27;[32mI ask whether it's Friday yet&amp#27;[0m &amp#27;[90m# hellocucumber.Friday.IaskWhetherisFridayYet()&amp#27;[0m
  &amp#27;[32mThen &amp#27;[0m&amp#27;[32mI should be told &amp#27;[0m&amp#27;[32m&amp#27;[1m"N"&amp#27;[0m          &amp#27;[90m# hellocucumber.Friday.IShouldBeTold(java.lang.String)&amp#27;[0m
]]></system-out>
  </testcase>
  <testcase name="Sunday is Sunday" classname="Is it Friday yet?" time="0.002">
    <system-out><![CDATA[
Scenario: Sunday is Sunday           &amp#27;[90m# hellocucumber/isItFriday.feature:9&amp#27;[0m
  &amp#27;[32mGiven &amp#27;[0m&amp#27;[32mtoday is &amp#27;[0m&amp#27;[32m&amp#27;[1m"Sunday"&amp#27;[0m            &amp#27;[90m# hellocucumber.Friday.todayIsSunday(java.lang.String)&amp#27;[0m
  &amp#27;[32mWhen &amp#27;[0m&amp#27;[32mI ask whether it's Sunday yet&amp#27;[0m &amp#27;[90m# hellocucumber.Friday.isSundayYet()&amp#27;[0m
  &amp#27;[32mThen &amp#27;[0m&amp#27;[32mI should be told &amp#27;[0m&amp#27;[32m&amp#27;[1m"YY"&amp#27;[0m         &amp#27;[90m# hellocucumber.Friday.IShouldBeTold(java.lang.String)&amp#27;[0m
]]></system-out>
  </testcase>
</testsuite>